Thu 25 Aug 2022 18:12:48-Run.py-[line:30]-INFO-[日志信息]:测试开始
Thu 25 Aug 2022 18:12:48-Run.py-[line:49]-INFO-[日志信息]:正在发送请求
Thu 25 Aug 2022 18:12:48-Run.py-[line:53]-INFO-[日志信息]:响应结果：{'code': 20000, 'message': 'ok', 'data': [{'id': 820, 'created_at': '2022-08-25T18:12:47.926897171+08:00', 'created_by': 0, 'updated_by': 0, 'code': 'X7PKZNDKBHP87ASXCACA', 'password': 'GBS4XZTE', 'type': 1, 'expired_at': '2022-11-16T08:55:37.021Z', 'state': 0, 'face_value': 10, 'updated_at': '2022-08-25T18:12:47.926897241+08:00'}, {'id': 821, 'created_at': '2022-08-25T18:12:47.980631189+08:00', 'created_by': 0, 'updated_by': 0, 'code': 'KP2N4UWY6ZYNEG5ENJ7P', 'password': 'SQNA9J1H', 'type': 1, 'expired_at': '2022-11-16T08:55:37.021Z', 'state': 0, 'face_value': 10, 'updated_at': '2022-08-25T18:12:47.980631249+08:00'}, {'id': 822, 'created_at': '2022-08-25T18:12:47.985078012+08:00', 'created_by': 0, 'updated_by': 0, 'code': 'Z9R8F7A8VXY8QF3ASBHT', 'password': 'ZYZSVJTR', 'type': 1, 'expired_at': '2022-11-16T08:55:37.021Z', 'state': 0, 'face_value': 10, 'updated_at': '2022-08-25T18:12:47.985078082+08:00'}, {'id': 823, 'created_at': '2022-08-25T18:12:47.989142235+08:00', 'created_by': 0, 'updated_by': 0, 'code': '56APT2CU48CWC96SMV3W', 'password': '3SB2RPK4', 'type': 1, 'expired_at': '2022-11-16T08:55:37.021Z', 'state': 0, 'face_value': 10, 'updated_at': '2022-08-25T18:12:47.989142315+08:00'}, {'id': 824, 'created_at': '2022-08-25T18:12:47.991602946+08:00', 'created_by': 0, 'updated_by': 0, 'code': '27QBDAS8VUMZJ4VUTEHW', 'password': 'P3BJ1XDB', 'type': 1, 'expired_at': '2022-11-16T08:55:37.021Z', 'state': 0, 'face_value': 10, 'updated_at': '2022-08-25T18:12:47.991603017+08:00'}, {'id': 825, 'created_at': '2022-08-25T18:12:47.993870854+08:00', 'created_by': 0, 'updated_by': 0, 'code': 'MNZC2AYNZGTYNHSHEMSN', 'password': 'M7ZBBVKE', 'type': 1, 'expired_at': '2022-11-16T08:55:37.021Z', 'state': 0, 'face_value': 10, 'updated_at': '2022-08-25T18:12:47.993870914+08:00'}, {'id': 826, 'created_at': '2022-08-25T18:12:47.996544342+08:00', 'created_by': 0, 'updated_by': 0, 'code': 'PGUNURFSM4S3PQ4STD6M', 'password': 'DKBZ4BXS', 'type': 1, 'expired_at': '2022-11-16T08:55:37.021Z', 'state': 0, 'face_value': 10, 'updated_at': '2022-08-25T18:12:47.996544402+08:00'}, {'id': 827, 'created_at': '2022-08-25T18:12:48.005080967+08:00', 'created_by': 0, 'updated_by': 0, 'code': 'X5GNTRSNW97NW7ZMJABF', 'password': 'EK3EM1BQ', 'type': 1, 'expired_at': '2022-11-16T08:55:37.021Z', 'state': 0, 'face_value': 10, 'updated_at': '2022-08-25T18:12:48.005081027+08:00'}, {'id': 828, 'created_at': '2022-08-25T18:12:48.008428352+08:00', 'created_by': 0, 'updated_by': 0, 'code': 'XQ4DRCJJEJ3NHSEVCXJA', 'password': 'UMMVHNJN', 'type': 1, 'expired_at': '2022-11-16T08:55:37.021Z', 'state': 0, 'face_value': 10, 'updated_at': '2022-08-25T18:12:48.008428412+08:00'}, {'id': 829, 'created_at': '2022-08-25T18:12:48.011379026+08:00', 'created_by': 0, 'updated_by': 0, 'code': '6KDTWJVU8EY4K6WEPT7Q', 'password': 'RPGG49Z1', 'type': 1, 'expired_at': '2022-11-16T08:55:37.021Z', 'state': 0, 'face_value': 10, 'updated_at': '2022-08-25T18:12:48.011379086+08:00'}]}
Thu 25 Aug 2022 18:12:48-Run.py-[line:49]-INFO-[日志信息]:正在发送请求
Thu 25 Aug 2022 18:12:49-Run.py-[line:53]-INFO-[日志信息]:响应结果：{'code': 500000, 'message': 'Recovery'}
Thu 25 Aug 2022 18:12:49-Run.py-[line:59]-ERROR-[日志信息]:断言错误：assert 500000 == 20000
Thu 25 Aug 2022 18:12:49-Run.py-[line:33]-INFO-[日志信息]:测试完成
Thu 25 Aug 2022 18:12:49-Run.py-[line:27]-INFO-[日志信息]:测试开始
Thu 25 Aug 2022 18:12:49-Run.py-[line:43]-INFO-[日志信息]:预期结果：20000
Thu 25 Aug 2022 18:12:49-Run.py-[line:44]-INFO-[日志信息]:正在请求
Thu 25 Aug 2022 18:12:49-Run.py-[line:46]-INFO-[日志信息]:实际结果：20000
Thu 25 Aug 2022 18:12:49-Run.py-[line:43]-INFO-[日志信息]:预期结果：20000
Thu 25 Aug 2022 18:12:49-Run.py-[line:44]-INFO-[日志信息]:正在请求
Thu 25 Aug 2022 18:12:49-Run.py-[line:46]-INFO-[日志信息]:实际结果：30000
Thu 25 Aug 2022 18:12:49-Run.py-[line:52]-ERROR-[日志信息]:断言错误:assert 20000 == 30000
Thu 25 Aug 2022 18:12:49-Run.py-[line:43]-INFO-[日志信息]:预期结果：20000
Thu 25 Aug 2022 18:12:49-Run.py-[line:44]-INFO-[日志信息]:正在请求
Thu 25 Aug 2022 18:12:49-Run.py-[line:46]-INFO-[日志信息]:实际结果：30000
Thu 25 Aug 2022 18:12:49-Run.py-[line:52]-ERROR-[日志信息]:断言错误:assert 20000 == 30000
Thu 25 Aug 2022 18:12:49-Run.py-[line:29]-INFO-[日志信息]:测试完成
