Tue 27 Sep 2022 15:46:40-test_CDk.py-[line:30]-INFO-[日志信息]:测试开始
Tue 27 Sep 2022 15:46:40-test_CDk.py-[line:49]-INFO-[日志信息]:正在发送请求
Tue 27 Sep 2022 15:46:40-test_CDk.py-[line:53]-INFO-[日志信息]:响应结果：{'code': 20000, 'message': 'ok', 'data': [{'id': 1010, 'created_at': '2022-09-27T15:46:40.240340413+08:00', 'created_by': 0, 'updated_by': 0, 'code': 'NXH8TENNA7PNU6MEYFPE', 'password': 'A1J3D2UK', 'type': 1, 'expired_at': '2022-11-16T08:55:37.021Z', 'state': 0, 'face_value': 10, 'updated_at': '2022-09-27T15:46:40.240340473+08:00'}, {'id': 1011, 'created_at': '2022-09-27T15:46:40.266935451+08:00', 'created_by': 0, 'updated_by': 0, 'code': 'RCEAR8R8EV9H3T9H7WFB', 'password': 'EDE1XZRG', 'type': 1, 'expired_at': '2022-11-16T08:55:37.021Z', 'state': 0, 'face_value': 10, 'updated_at': '2022-09-27T15:46:40.266935511+08:00'}, {'id': 1012, 'created_at': '2022-09-27T15:46:40.281069636+08:00', 'created_by': 0, 'updated_by': 0, 'code': 'XSMBAK7X962YBS7PAJP2', 'password': 'S571AVX8', 'type': 1, 'expired_at': '2022-11-16T08:55:37.021Z', 'state': 0, 'face_value': 10, 'updated_at': '2022-09-27T15:46:40.281069696+08:00'}, {'id': 1013, 'created_at': '2022-09-27T15:46:40.308802573+08:00', 'created_by': 0, 'updated_by': 0, 'code': '34ZMUVZM7C8WYQDYN6ZM', 'password': 'BUUH4KJ2', 'type': 1, 'expired_at': '2022-11-16T08:55:37.021Z', 'state': 0, 'face_value': 10, 'updated_at': '2022-09-27T15:46:40.308802644+08:00'}, {'id': 1014, 'created_at': '2022-09-27T15:46:40.313123865+08:00', 'created_by': 0, 'updated_by': 0, 'code': 'RC8WVPF5EB9BZK7RMCTB', 'password': 'PZ1A5A42', 'type': 1, 'expired_at': '2022-11-16T08:55:37.021Z', 'state': 0, 'face_value': 10, 'updated_at': '2022-09-27T15:46:40.313123925+08:00'}, {'id': 1015, 'created_at': '2022-09-27T15:46:40.323303828+08:00', 'created_by': 0, 'updated_by': 0, 'code': '49PCS3RG4U8NSFKSD3A4', 'password': 'FV5DJ65X', 'type': 1, 'expired_at': '2022-11-16T08:55:37.021Z', 'state': 0, 'face_value': 10, 'updated_at': '2022-09-27T15:46:40.323303908+08:00'}, {'id': 1016, 'created_at': '2022-09-27T15:46:40.32722269+08:00', 'created_by': 0, 'updated_by': 0, 'code': 'Z94CF62VAFXQ56MAHX4J', 'password': '9DQ93QYD', 'type': 1, 'expired_at': '2022-11-16T08:55:37.021Z', 'state': 0, 'face_value': 10, 'updated_at': '2022-09-27T15:46:40.32722275+08:00'}, {'id': 1017, 'created_at': '2022-09-27T15:46:40.334215241+08:00', 'created_by': 0, 'updated_by': 0, 'code': '2XEJMKX2VEPHCFZHWBJM', 'password': 'HEZS777V', 'type': 1, 'expired_at': '2022-11-16T08:55:37.021Z', 'state': 0, 'face_value': 10, 'updated_at': '2022-09-27T15:46:40.334215301+08:00'}, {'id': 1018, 'created_at': '2022-09-27T15:46:40.338498181+08:00', 'created_by': 0, 'updated_by': 0, 'code': 'WZXQMZFW2YXUU6AQUXBE', 'password': '1R3K2KKJ', 'type': 1, 'expired_at': '2022-11-16T08:55:37.021Z', 'state': 0, 'face_value': 10, 'updated_at': '2022-09-27T15:46:40.338498261+08:00'}, {'id': 1019, 'created_at': '2022-09-27T15:46:40.342132835+08:00', 'created_by': 0, 'updated_by': 0, 'code': 'VA5U3CBPDWCTB597BS9B', 'password': 'EKFC5VPJ', 'type': 1, 'expired_at': '2022-11-16T08:55:37.021Z', 'state': 0, 'face_value': 10, 'updated_at': '2022-09-27T15:46:40.342132895+08:00'}]}
Tue 27 Sep 2022 15:46:40-test_CDk.py-[line:49]-INFO-[日志信息]:正在发送请求
Tue 27 Sep 2022 15:46:41-test_CDk.py-[line:53]-INFO-[日志信息]:响应结果：{'code': 500000, 'message': 'Recovery'}
Tue 27 Sep 2022 15:46:41-test_CDk.py-[line:59]-ERROR-[日志信息]:断言错误：assert 500000 == 20000
Tue 27 Sep 2022 15:46:41-test_CDk.py-[line:33]-INFO-[日志信息]:测试完成
Tue 27 Sep 2022 15:46:41-Run.py-[line:27]-INFO-[日志信息]:测试开始
Tue 27 Sep 2022 15:46:41-Run.py-[line:43]-INFO-[日志信息]:预期结果：20000
Tue 27 Sep 2022 15:46:41-Run.py-[line:44]-INFO-[日志信息]:正在请求
Tue 27 Sep 2022 15:46:41-Run.py-[line:46]-INFO-[日志信息]:实际结果：20000
Tue 27 Sep 2022 15:46:41-Run.py-[line:43]-INFO-[日志信息]:预期结果：20000
Tue 27 Sep 2022 15:46:41-Run.py-[line:44]-INFO-[日志信息]:正在请求
Tue 27 Sep 2022 15:46:41-Run.py-[line:46]-INFO-[日志信息]:实际结果：30000
Tue 27 Sep 2022 15:46:41-Run.py-[line:52]-ERROR-[日志信息]:断言错误:assert 20000 == 30000
Tue 27 Sep 2022 15:46:41-Run.py-[line:43]-INFO-[日志信息]:预期结果：20000
Tue 27 Sep 2022 15:46:41-Run.py-[line:44]-INFO-[日志信息]:正在请求
Tue 27 Sep 2022 15:46:41-Run.py-[line:46]-INFO-[日志信息]:实际结果：30000
Tue 27 Sep 2022 15:46:41-Run.py-[line:52]-ERROR-[日志信息]:断言错误:assert 20000 == 30000
Tue 27 Sep 2022 15:46:41-Run.py-[line:29]-INFO-[日志信息]:测试完成
