Thu 25 Aug 2022 17:51:16-Run.py-[line:30]-INFO-[日志信息]:测试开始
Thu 25 Aug 2022 17:51:16-Run.py-[line:49]-INFO-[日志信息]:正在发送请求
Thu 25 Aug 2022 17:51:16-Run.py-[line:53]-INFO-[日志信息]:响应结果：{'code': 20000, 'message': 'ok', 'data': [{'id': 800, 'created_at': '2022-08-25T17:51:16.067500846+08:00', 'created_by': 0, 'updated_by': 0, 'code': 'STPH9ABUCPD6CDA5T9SA', 'password': 'BSBZEXJ9', 'type': 1, 'expired_at': '2022-11-16T08:55:37.021Z', 'state': 0, 'face_value': 10, 'updated_at': '2022-08-25T17:51:16.067500926+08:00'}, {'id': 801, 'created_at': '2022-08-25T17:51:16.071699931+08:00', 'created_by': 0, 'updated_by': 0, 'code': 'Q8EG3APW5X7P6PZ56644', 'password': 'APX8J2S8', 'type': 1, 'expired_at': '2022-11-16T08:55:37.021Z', 'state': 0, 'face_value': 10, 'updated_at': '2022-08-25T17:51:16.071699991+08:00'}, {'id': 802, 'created_at': '2022-08-25T17:51:16.075010506+08:00', 'created_by': 0, 'updated_by': 0, 'code': 'U35XA6TUVZGK5NXXRA95', 'password': 'DTB4NZ4U', 'type': 1, 'expired_at': '2022-11-16T08:55:37.021Z', 'state': 0, 'face_value': 10, 'updated_at': '2022-08-25T17:51:16.075010566+08:00'}, {'id': 803, 'created_at': '2022-08-25T17:51:16.077955609+08:00', 'created_by': 0, 'updated_by': 0, 'code': 'WKS45W7S8X8FEW2MQJTF', 'password': 'CQ4XB1MT', 'type': 1, 'expired_at': '2022-11-16T08:55:37.021Z', 'state': 0, 'face_value': 10, 'updated_at': '2022-08-25T17:51:16.077955669+08:00'}, {'id': 804, 'created_at': '2022-08-25T17:51:16.083704085+08:00', 'created_by': 0, 'updated_by': 0, 'code': '7DQA2R3AV6JSCEX85EKT', 'password': 'F4138U3S', 'type': 1, 'expired_at': '2022-11-16T08:55:37.021Z', 'state': 0, 'face_value': 10, 'updated_at': '2022-08-25T17:51:16.083704174+08:00'}, {'id': 805, 'created_at': '2022-08-25T17:51:16.086592818+08:00', 'created_by': 0, 'updated_by': 0, 'code': '3M3EN8R2VW8KE9CSKD7E', 'password': 'XAKC4QXA', 'type': 1, 'expired_at': '2022-11-16T08:55:37.021Z', 'state': 0, 'face_value': 10, 'updated_at': '2022-08-25T17:51:16.086592878+08:00'}, {'id': 806, 'created_at': '2022-08-25T17:51:16.099523445+08:00', 'created_by': 0, 'updated_by': 0, 'code': 'TTQN8NMEQG2HZF87S427', 'password': '9HPFSJMY', 'type': 1, 'expired_at': '2022-11-16T08:55:37.021Z', 'state': 0, 'face_value': 10, 'updated_at': '2022-08-25T17:51:16.099523505+08:00'}, {'id': 807, 'created_at': '2022-08-25T17:51:16.103248868+08:00', 'created_by': 0, 'updated_by': 0, 'code': 'GBWWCPE2D36UDX7Z2Y8D', 'password': 'SEY2SFZ2', 'type': 1, 'expired_at': '2022-11-16T08:55:37.021Z', 'state': 0, 'face_value': 10, 'updated_at': '2022-08-25T17:51:16.103248928+08:00'}, {'id': 808, 'created_at': '2022-08-25T17:51:16.106134472+08:00', 'created_by': 0, 'updated_by': 0, 'code': '523XVXT2Y8GNCARQZMA9', 'password': 'D5PQKYCK', 'type': 1, 'expired_at': '2022-11-16T08:55:37.021Z', 'state': 0, 'face_value': 10, 'updated_at': '2022-08-25T17:51:16.106134532+08:00'}, {'id': 809, 'created_at': '2022-08-25T17:51:16.108554523+08:00', 'created_by': 0, 'updated_by': 0, 'code': 'RKGHKA6KRF9Y7ZVXMGR8', 'password': '7S8CVV4H', 'type': 1, 'expired_at': '2022-11-16T08:55:37.021Z', 'state': 0, 'face_value': 10, 'updated_at': '2022-08-25T17:51:16.108554573+08:00'}]}
Thu 25 Aug 2022 17:51:16-Run.py-[line:49]-INFO-[日志信息]:正在发送请求
Thu 25 Aug 2022 17:51:17-Run.py-[line:53]-INFO-[日志信息]:响应结果：{'code': 500000, 'message': 'Recovery'}
Thu 25 Aug 2022 17:51:17-Run.py-[line:59]-ERROR-[日志信息]:断言错误：assert 500000 == 20000
Thu 25 Aug 2022 17:51:17-Run.py-[line:33]-INFO-[日志信息]:测试完成
Thu 25 Aug 2022 17:51:17-Run.py-[line:27]-INFO-[日志信息]:测试开始
Thu 25 Aug 2022 17:51:17-Run.py-[line:43]-INFO-[日志信息]:预期结果：20000
Thu 25 Aug 2022 17:51:17-Run.py-[line:44]-INFO-[日志信息]:正在请求
Thu 25 Aug 2022 17:51:17-Run.py-[line:46]-INFO-[日志信息]:实际结果：20000
Thu 25 Aug 2022 17:51:17-Run.py-[line:43]-INFO-[日志信息]:预期结果：20000
Thu 25 Aug 2022 17:51:17-Run.py-[line:44]-INFO-[日志信息]:正在请求
Thu 25 Aug 2022 17:51:17-Run.py-[line:46]-INFO-[日志信息]:实际结果：30000
Thu 25 Aug 2022 17:51:17-Run.py-[line:52]-ERROR-[日志信息]:断言错误:assert 20000 == 30000
Thu 25 Aug 2022 17:51:17-Run.py-[line:43]-INFO-[日志信息]:预期结果：20000
Thu 25 Aug 2022 17:51:17-Run.py-[line:44]-INFO-[日志信息]:正在请求
Thu 25 Aug 2022 17:51:17-Run.py-[line:46]-INFO-[日志信息]:实际结果：30000
Thu 25 Aug 2022 17:51:17-Run.py-[line:52]-ERROR-[日志信息]:断言错误:assert 20000 == 30000
Thu 25 Aug 2022 17:51:17-Run.py-[line:29]-INFO-[日志信息]:测试完成
